<?xml version="1.0"?>
<!--Phoronix Test Suite v5.2.1 (Khanino)-->
<?xml-stylesheet type="text/xsl" href="pts-results-viewer.xsl"?>
<PhoronixTestSuite>
  <Generated>
    <Title>iozonetest</Title>
    <LastModified>2017-05-29 13:50:14</LastModified>
    <TestClient>Phoronix Test Suite v5.2.1 (Khanino)</TestClient>
    <Description>ARMv7 rev 4 testing with a BCM2709 and Gallium 0.4 on llvmpipe (LLVM 3.8 128 bits) on Ubuntu 16.04 via the Phoronix Test Suite.</Description>
    <PreSetEnvironmentVariables></PreSetEnvironmentVariables>
  </Generated>
  <System>
    <Identifier>iozonetest</Identifier>
    <Hardware>Processor: ARMv7 rev 4 @ 1.20GHz (4 Cores), Motherboard: BCM2709, Memory: 925MB, Disk: 31GB SA32G, Graphics: LLVMpipe</Hardware>
    <Software>OS: Ubuntu 16.04, Kernel: 4.4.38-v7+ (armv7l), Desktop: MATE 1.16.1, Display Server: X Server 1.18.4, Display Driver: modesetting 1.18.4, OpenGL: 3.3 Mesa 12.0.6 Gallium 0.4, Compiler: GCC 5.4.0 20160609, File-System: ext4, Screen Resolution: 1600x900</Software>
    <User>konrad</User>
    <TimeStamp>2017-05-29 13:50:14</TimeStamp>
    <TestClientVersion>5.2.1</TestClientVersion>
    <Notes></Notes>
    <JSON>{"compiler-configuration":"--build=arm-linux-gnueabihf --disable-browser-plugin --disable-libitm --disable-libquadmath --disable-sjlj-exceptions --disable-werror --enable-checking=release --enable-clocale=gnu --enable-gnu-unique-object --enable-gtk-cairo --enable-java-awt=gtk --enable-java-home --enable-languages=c,ada,c++,java,go,d,fortran,objc,obj-c++ --enable-libstdcxx-debug --enable-libstdcxx-time=yes --enable-multiarch --enable-multilib --enable-multilib --enable-nls --enable-objc-gc --enable-plugin --enable-shared --enable-threads=posix --host=arm-linux-gnueabihf --target=arm-linux-gnueabihf --with-arch-directory=arm --with-arch=armv7-a --with-default-libstdcxx-abi=new --with-float=hard --with-fpu=vfpv3-d16 --with-mode=thumb -v","disk-mount-options":"data=ordered,noatime,rw","cpu-scaling-governor":"BCM2835 Freq ondemand"}</JSON>
  </System>
  <Result>
    <Identifier>pts/iozone-1.8.0</Identifier>
    <Title>IOzone</Title>
    <AppVersion>3.405</AppVersion>
    <Arguments>-r 1m -s 512M -i0 -i1</Arguments>
    <Description>Record Size: 1MB - File Size: 512MB - Disk Test: Read Performance</Description>
    <Scale>MB/s</Scale>
    <Proportion>HIB</Proportion>
    <DisplayFormat>BAR_GRAPH</DisplayFormat>
    <Data>
      <Entry>
        <Identifier>iozonetest</Identifier>
        <Value>567.49</Value>
        <RawString>36.109375:620.47265625:684.4892578125:675.478515625:715.421875:672.984375</RawString>
        <JSON>{"compiler-options":{"compiler-type":"CC","compiler":"gcc","compiler-options":"-O3"}}</JSON>
      </Entry>
    </Data>
  </Result>
  <Result>
    <Identifier>pts/iozone-1.8.0</Identifier>
    <Title>IOzone</Title>
    <AppVersion>3.405</AppVersion>
    <Arguments>-r 1m -s 512M -i0</Arguments>
    <Description>Record Size: 1MB - File Size: 512MB - Disk Test: Write Performance</Description>
    <Scale>MB/s</Scale>
    <Proportion>HIB</Proportion>
    <DisplayFormat>BAR_GRAPH</DisplayFormat>
    <Data>
      <Entry>
        <Identifier>iozonetest</Identifier>
        <Value>9.43</Value>
        <RawString>9.87109375:9.6689453125:9.2119140625:9.0556640625:9.341796875:9.4423828125</RawString>
        <JSON>{"compiler-options":{"compiler-type":"CC","compiler":"gcc","compiler-options":"-O3"}}</JSON>
      </Entry>
    </Data>
  </Result>
</PhoronixTestSuite>
