<?xml version="1.0"?>
<!--Phoronix Test Suite v4.8.3 (Sokndal)-->
<?xml-stylesheet type="text/xsl" href="pts-results-viewer.xsl"?>
<PhoronixTestSuite>
  <Generated>
    <Title>iozonetest</Title>
    <LastModified>2017-05-27 18:31:55</LastModified>
    <TestClient>Phoronix Test Suite v4.8.3 (Sokndal)</TestClient>
    <Description>ARMv7 rev 4 testing with a BCM2709 and Gallium 0.4 on llvmpipe (LLVM 3.9 128 bits) on Raspbian 8.0 via the Phoronix Test Suite.</Description>
  </Generated>
  <System>
    <Identifier>iozonetest</Identifier>
    <Hardware>Processor: ARMv7 rev 4 @ 1.20GHz (4 Cores), Motherboard: BCM2709, Memory: 925MB, Disk: 31GB SA32G, Graphics: LLVMpipe</Hardware>
    <Software>OS: Raspbian 8.0, Kernel: 4.4.50-v7+ (armv7l), Desktop: LXDE 0.7.2, Display Server: X Server 1.18.4, OpenGL: 3.3 Mesa 13.0.0 Gallium 0.4, Compiler: GCC 4.9.2, File-System: ext4, Screen Resolution: 1600x900</Software>
    <User>pi</User>
    <TimeStamp>2017-05-27 18:31:55</TimeStamp>
    <TestClientVersion>4.8.3</TestClientVersion>
    <Notes></Notes>
    <JSON>{"compiler-configuration":"--build=arm-linux-gnueabihf --disable-browser-plugin --disable-libitm --disable-libquadmath --disable-sjlj-exceptions --enable-checking=release --enable-clocale=gnu --enable-gnu-unique-object --enable-gtk-cairo --enable-java-awt=gtk --enable-java-home --enable-languages=c,c++,java,go,d,fortran,objc,obj-c++ --enable-libstdcxx-debug --enable-libstdcxx-time=yes --enable-multiarch --enable-nls --enable-objc-gc --enable-plugin --enable-shared --enable-threads=posix --host=arm-linux-gnueabihf --target=arm-linux-gnueabihf --with-arch-directory=arm --with-arch=armv6 --with-ecj-jar=\/usr\/share\/java\/eclipse-ecj.jar --with-float=hard --with-fpu=vfp --with-java-home=\/usr\/lib\/jvm\/java-1.5.0-gcj-4.9-armhf\/jre --with-jvm-jar-dir=\/usr\/lib\/jvm-exports\/java-1.5.0-gcj-4.9-armhf --with-jvm-root-dir=\/usr\/lib\/jvm\/java-1.5.0-gcj-4.9-armhf -v","disk-mount-options":"data=ordered,noatime,rw"}</JSON>
  </System>
  <Result>
    <Identifier>pts/iozone-1.8.0</Identifier>
    <Title>IOzone</Title>
    <AppVersion>3.405</AppVersion>
    <Arguments>-r 1m -s 512M -i0 -i1</Arguments>
    <Description>Record Size: 1MB - File Size: 512MB - Disk Test: Read Performance</Description>
    <Scale>MB/s</Scale>
    <Proportion>HIB</Proportion>
    <DisplayFormat>BAR_GRAPH</DisplayFormat>
    <Data>
      <Entry>
        <Identifier>iozonetest</Identifier>
        <Value>682.41</Value>
        <RawString>670.712890625:696.9228515625:679.607421875</RawString>
        <JSON>{"compiler-options":{"compiler-type":"CC","compiler":"gcc","compiler-options":"-O3"}}</JSON>
      </Entry>
    </Data>
  </Result>
  <Result>
    <Identifier>pts/iozone-1.8.0</Identifier>
    <Title>IOzone</Title>
    <AppVersion>3.405</AppVersion>
    <Arguments>-r 1m -s 512M -i0</Arguments>
    <Description>Record Size: 1MB - File Size: 512MB - Disk Test: Write Performance</Description>
    <Scale>MB/s</Scale>
    <Proportion>HIB</Proportion>
    <DisplayFormat>BAR_GRAPH</DisplayFormat>
    <Data>
      <Entry>
        <Identifier>iozonetest</Identifier>
        <Value>9.15</Value>
        <RawString>9.564453125:9.4599609375:8.6162109375:8.0029296875:9.4462890625:9.8076171875</RawString>
        <JSON>{"compiler-options":{"compiler-type":"CC","compiler":"gcc","compiler-options":"-O3"}}</JSON>
      </Entry>
    </Data>
  </Result>
</PhoronixTestSuite>
